2017-10-16 16:18:24 [restartedMain] INFO  c.t.f.FacerecognitionApplication - Starting FacerecognitionApplication on TACME-QMTIC with PID 15568 (C:\Users\TACME\Desktop\python-object-detection\facerecognition\facerecognition\target\classes started by TACME in C:\Users\TACME\Desktop\python-object-detection\facerecognition\facerecognition)
2017-10-16 16:18:24 [restartedMain] INFO  c.t.f.FacerecognitionApplication - No active profile set, falling back to default profiles: default
2017-10-16 16:18:24 [restartedMain] INFO  o.s.b.c.e.AnnotationConfigEmbeddedWebApplicationContext - Refreshing org.springframework.boot.context.embedded.AnnotationConfigEmbeddedWebApplicationContext@5843c448: startup date [Mon Oct 16 16:18:24 GST 2017]; root of context hierarchy
2017-10-16 16:18:26 [restartedMain] INFO  o.s.b.c.e.t.TomcatEmbeddedServletContainer - Tomcat initialized with port(s): 2000 (http)
2017-10-16 16:18:26 [restartedMain] INFO  o.a.catalina.core.StandardService - Starting service [Tomcat]
2017-10-16 16:18:26 [restartedMain] INFO  o.a.catalina.core.StandardEngine - Starting Servlet Engine: Apache Tomcat/8.5.20
2017-10-16 16:18:27 [localhost-startStop-1] INFO  o.a.c.c.C.[Tomcat].[localhost].[/] - Initializing Spring embedded WebApplicationContext
2017-10-16 16:18:27 [localhost-startStop-1] INFO  o.s.b.w.s.ServletRegistrationBean - Mapping servlet: 'dispatcherServlet' to [/]
2017-10-16 16:18:27 [localhost-startStop-1] INFO  o.s.b.w.s.FilterRegistrationBean - Mapping filter: 'characterEncodingFilter' to: [/*]
2017-10-16 16:18:27 [localhost-startStop-1] INFO  o.s.b.w.s.FilterRegistrationBean - Mapping filter: 'hiddenHttpMethodFilter' to: [/*]
2017-10-16 16:18:27 [localhost-startStop-1] INFO  o.s.b.w.s.FilterRegistrationBean - Mapping filter: 'httpPutFormContentFilter' to: [/*]
2017-10-16 16:18:27 [localhost-startStop-1] INFO  o.s.b.w.s.FilterRegistrationBean - Mapping filter: 'requestContextFilter' to: [/*]
2017-10-16 16:18:28 [restartedMain] INFO  o.s.b.d.a.OptionalLiveReloadServer - LiveReload server is running on port 35729
2017-10-16 16:18:28 [restartedMain] INFO  o.s.j.e.a.AnnotationMBeanExporter - Registering beans for JMX exposure on startup
2017-10-16 16:18:28 [restartedMain] INFO  o.s.b.c.e.t.TomcatEmbeddedServletContainer - Tomcat started on port(s): 2000 (http)
2017-10-16 16:18:28 [restartedMain] INFO  c.t.f.FacerecognitionApplication - Started FacerecognitionApplication in 4.234 seconds (JVM running for 4.668)
2017-10-16 16:18:33 [http-nio-2000-exec-1] INFO  o.a.c.c.C.[Tomcat].[localhost].[/] - Initializing Spring FrameworkServlet 'dispatcherServlet'
2017-10-16 16:18:33 [http-nio-2000-exec-1] INFO  c.t.f.controller.FRController - prosessing.........
2017-10-16 16:18:33 [http-nio-2000-exec-1] INFO  c.t.f.controller.FRController - prosessing completed.........
2017-10-16 16:20:12 [http-nio-2000-exec-5] INFO  c.t.f.controller.FRController - prosessing.........
2017-10-16 16:20:12 [http-nio-2000-exec-5] INFO  c.t.f.service.FDService - detecting face.....
2017-10-16 16:20:12 [http-nio-2000-exec-5] INFO  c.t.f.service.FDService - file name is :face.jpg
2017-10-16 16:20:12 [http-nio-2000-exec-5] INFO  c.t.f.service.FDService - file name is :face.jpg
2017-10-16 16:20:15 [http-nio-2000-exec-5] INFO  c.t.f.service.FDService - response is :200
2017-10-16 16:20:15 [http-nio-2000-exec-5] ERROR c.t.f.service.FDService - file exist true
2017-10-16 16:20:15 [http-nio-2000-exec-5] ERROR c.t.f.service.FDService - detectResponse [{"faceId":"8d5ef7cb-8d95-452d-87b4-0f83af9fad1c","faceRectangle":{"top":58,"left":45,"width":66,"height":66}}]
2017-10-16 16:20:15 [http-nio-2000-exec-5] INFO  c.t.f.service.FDService - face detected..
2017-10-16 16:20:15 [http-nio-2000-exec-5] INFO  c.t.f.service.FDService - face id is ::8d5ef7cb-8d95-452d-87b4-0f83af9fad1c
2017-10-16 16:20:15 [http-nio-2000-exec-5] INFO  c.t.f.service.FDService - Identifying Person.......
2017-10-16 16:20:16 [http-nio-2000-exec-5] INFO  c.t.f.service.FDService - Person identified..
2017-10-16 16:20:16 [http-nio-2000-exec-5] ERROR c.t.f.service.FDService - exception from idetify service 0
2017-10-16 16:20:16 [http-nio-2000-exec-5] INFO  c.t.f.service.FDService - Fetching Person Info.......
2017-10-16 16:20:16 [http-nio-2000-exec-5] INFO  c.t.f.service.FDService - personDetails ::[{"personId":"1572b5b2-38ba-4c53-927c-18f2772b0a3a","persistedFaceIds":["2338c6b6-c73d-4ea7-8e22-5be7f2abbe0c"],"name":"anonymous","userData":"anonymous"},{"personId":"1a83ba63-e3b5-4af2-9a53-af971acd5926","persistedFaceIds":["a4d34d37-86c7-40b8-9166-a26ace277641"],"name":"Neethu","userData":"neethu-9744258337"},{"personId":"491c145d-7a1d-4622-bf8e-33b8943b79d5","persistedFaceIds":["bce29126-760e-42cc-8c23-d6d841d2204a"],"name":"anonymous","userData":"anonymous"},{"personId":"7706377e-7196-4185-8071-8d9b0f4a1328","persistedFaceIds":["1db8015e-7a7b-467f-bab2-1c80ea00d767"],"name":"Pritam","userData":"pritam-0565770929"},{"personId":"856a9b11-7f87-4f3c-bdca-c25982f462e9","persistedFaceIds":["050c6f67-cdce-48a9-b2df-cd9b2c441c97"],"name":"anonymous","userData":"anonymous"},{"personId":"97d5a1a3-7ca7-4bc6-a4b8-476d4e5f9912","persistedFaceIds":["289e8cda-b085-49e8-8c72-9e3e2e239373"],"name":"Robie Chahine","userData":"Robie-0529777768"},{"personId":"a70bf7f8-44c0-499f-83c6-08d895c7482d","persistedFaceIds":["54331cad-5422-4e96-9765-b77764bb1d49"],"name":"Kannan Ajay ","userData":"Kannan-0509407545"},{"personId":"f9256f68-a4ef-406d-a449-b5fbfbdae50e","persistedFaceIds":["e9972d50-0a47-4efb-9cd3-99f7cec6fac9"],"name":"Modi 10 Namo","userData":"Modi 10-0509407545"}]
2017-10-16 16:20:16 [http-nio-2000-exec-5] ERROR c.t.f.service.FDService - java.lang.IllegalStateException: Expected BEGIN_OBJECT but was BEGIN_ARRAY at line 1 column 2 path $
2017-10-16 16:20:16 [http-nio-2000-exec-5] INFO  c.t.f.controller.FRController - prosessing completed.........
2017-10-16 16:25:13 [restartedMain] INFO  c.t.f.FacerecognitionApplication - Starting FacerecognitionApplication on TACME-QMTIC with PID 16016 (C:\Users\TACME\Desktop\python-object-detection\facerecognition\facerecognition\target\classes started by TACME in C:\Users\TACME\Desktop\python-object-detection\facerecognition\facerecognition)
2017-10-16 16:25:13 [restartedMain] INFO  c.t.f.FacerecognitionApplication - No active profile set, falling back to default profiles: default
2017-10-16 16:25:13 [restartedMain] INFO  o.s.b.c.e.AnnotationConfigEmbeddedWebApplicationContext - Refreshing org.springframework.boot.context.embedded.AnnotationConfigEmbeddedWebApplicationContext@1d274535: startup date [Mon Oct 16 16:25:13 GST 2017]; root of context hierarchy
2017-10-16 16:25:16 [restartedMain] INFO  o.s.b.c.e.t.TomcatEmbeddedServletContainer - Tomcat initialized with port(s): 2000 (http)
2017-10-16 16:25:16 [restartedMain] INFO  o.a.catalina.core.StandardService - Starting service [Tomcat]
2017-10-16 16:25:16 [restartedMain] INFO  o.a.catalina.core.StandardEngine - Starting Servlet Engine: Apache Tomcat/8.5.20
2017-10-16 16:25:16 [localhost-startStop-1] INFO  o.a.c.c.C.[Tomcat].[localhost].[/] - Initializing Spring embedded WebApplicationContext
2017-10-16 16:25:16 [localhost-startStop-1] INFO  o.s.b.w.s.ServletRegistrationBean - Mapping servlet: 'dispatcherServlet' to [/]
2017-10-16 16:25:16 [localhost-startStop-1] INFO  o.s.b.w.s.FilterRegistrationBean - Mapping filter: 'characterEncodingFilter' to: [/*]
2017-10-16 16:25:16 [localhost-startStop-1] INFO  o.s.b.w.s.FilterRegistrationBean - Mapping filter: 'hiddenHttpMethodFilter' to: [/*]
2017-10-16 16:25:16 [localhost-startStop-1] INFO  o.s.b.w.s.FilterRegistrationBean - Mapping filter: 'httpPutFormContentFilter' to: [/*]
2017-10-16 16:25:16 [localhost-startStop-1] INFO  o.s.b.w.s.FilterRegistrationBean - Mapping filter: 'requestContextFilter' to: [/*]
2017-10-16 16:25:18 [restartedMain] INFO  o.s.b.d.a.OptionalLiveReloadServer - LiveReload server is running on port 35729
2017-10-16 16:25:18 [restartedMain] INFO  o.s.j.e.a.AnnotationMBeanExporter - Registering beans for JMX exposure on startup
2017-10-16 16:25:18 [restartedMain] INFO  o.s.b.c.e.t.TomcatEmbeddedServletContainer - Tomcat started on port(s): 2000 (http)
2017-10-16 16:25:18 [restartedMain] INFO  c.t.f.FacerecognitionApplication - Started FacerecognitionApplication in 5.789 seconds (JVM running for 6.793)
2017-10-16 16:25:51 [http-nio-2000-exec-2] INFO  o.a.c.c.C.[Tomcat].[localhost].[/] - Initializing Spring FrameworkServlet 'dispatcherServlet'
2017-10-16 16:25:51 [http-nio-2000-exec-2] INFO  c.t.f.controller.FRController - prosessing.........
2017-10-16 16:25:55 [http-nio-2000-exec-2] INFO  c.t.f.service.FDService - detecting face.....
2017-10-16 16:25:58 [http-nio-2000-exec-2] INFO  c.t.f.service.FDService - file name is :face.jpg
2017-10-16 16:25:59 [http-nio-2000-exec-2] INFO  c.t.f.service.FDService - file name is :face.jpg
2017-10-16 16:26:07 [http-nio-2000-exec-2] INFO  c.t.f.service.FDService - response is :200
2017-10-16 16:26:08 [http-nio-2000-exec-2] ERROR c.t.f.service.FDService - file exist true
2017-10-16 16:26:11 [http-nio-2000-exec-2] ERROR c.t.f.service.FDService - detectResponse [{"faceId":"3e993fbf-8395-4a83-9354-360f3026320d","faceRectangle":{"top":58,"left":45,"width":66,"height":66}}]
2017-10-16 16:26:13 [http-nio-2000-exec-2] INFO  c.t.f.service.FDService - face detected..
2017-10-16 16:26:22 [http-nio-2000-exec-2] INFO  c.t.f.service.FDService - face id is ::3e993fbf-8395-4a83-9354-360f3026320d
2017-10-16 16:26:27 [http-nio-2000-exec-2] INFO  c.t.f.service.FDService - Identifying Person.......
2017-10-16 16:27:01 [http-nio-2000-exec-2] INFO  c.t.f.service.FDService - Person identified..
2017-10-16 16:27:47 [http-nio-2000-exec-2] ERROR c.t.f.service.FDService - exception from idetify service 0
2017-10-16 16:27:56 [http-nio-2000-exec-2] INFO  c.t.f.service.FDService - Fetching Person Info.......
2017-10-16 16:31:38 [restartedMain] INFO  c.t.f.FacerecognitionApplication - Starting FacerecognitionApplication on TACME-QMTIC with PID 15568 (C:\Users\TACME\Desktop\python-object-detection\facerecognition\facerecognition\target\classes started by TACME in C:\Users\TACME\Desktop\python-object-detection\facerecognition\facerecognition)
2017-10-16 16:31:38 [restartedMain] INFO  c.t.f.FacerecognitionApplication - No active profile set, falling back to default profiles: default
2017-10-16 16:31:38 [restartedMain] INFO  o.s.b.c.e.AnnotationConfigEmbeddedWebApplicationContext - Refreshing org.springframework.boot.context.embedded.AnnotationConfigEmbeddedWebApplicationContext@4bbaa164: startup date [Mon Oct 16 16:31:38 GST 2017]; root of context hierarchy
2017-10-16 16:31:43 [restartedMain] INFO  c.t.f.FacerecognitionApplication - Starting FacerecognitionApplication on TACME-QMTIC with PID 8932 (C:\Users\TACME\Desktop\python-object-detection\facerecognition\facerecognition\target\classes started by TACME in C:\Users\TACME\Desktop\python-object-detection\facerecognition\facerecognition)
2017-10-16 16:31:43 [restartedMain] INFO  c.t.f.FacerecognitionApplication - No active profile set, falling back to default profiles: default
2017-10-16 16:31:43 [restartedMain] INFO  o.s.b.c.e.AnnotationConfigEmbeddedWebApplicationContext - Refreshing org.springframework.boot.context.embedded.AnnotationConfigEmbeddedWebApplicationContext@1d274535: startup date [Mon Oct 16 16:31:43 GST 2017]; root of context hierarchy
2017-10-16 16:31:46 [restartedMain] INFO  o.s.b.c.e.t.TomcatEmbeddedServletContainer - Tomcat initialized with port(s): 2000 (http)
2017-10-16 16:31:46 [restartedMain] INFO  o.a.catalina.core.StandardService - Starting service [Tomcat]
2017-10-16 16:31:46 [restartedMain] INFO  o.a.catalina.core.StandardEngine - Starting Servlet Engine: Apache Tomcat/8.5.20
2017-10-16 16:31:46 [localhost-startStop-1] INFO  o.a.c.c.C.[Tomcat].[localhost].[/] - Initializing Spring embedded WebApplicationContext
2017-10-16 16:31:46 [localhost-startStop-1] INFO  o.s.b.w.s.ServletRegistrationBean - Mapping servlet: 'dispatcherServlet' to [/]
2017-10-16 16:31:46 [localhost-startStop-1] INFO  o.s.b.w.s.FilterRegistrationBean - Mapping filter: 'characterEncodingFilter' to: [/*]
2017-10-16 16:31:46 [localhost-startStop-1] INFO  o.s.b.w.s.FilterRegistrationBean - Mapping filter: 'hiddenHttpMethodFilter' to: [/*]
2017-10-16 16:31:46 [localhost-startStop-1] INFO  o.s.b.w.s.FilterRegistrationBean - Mapping filter: 'httpPutFormContentFilter' to: [/*]
2017-10-16 16:31:46 [localhost-startStop-1] INFO  o.s.b.w.s.FilterRegistrationBean - Mapping filter: 'requestContextFilter' to: [/*]
2017-10-16 16:31:48 [restartedMain] INFO  o.s.b.d.a.OptionalLiveReloadServer - LiveReload server is running on port 35729
2017-10-16 16:31:48 [restartedMain] INFO  o.s.j.e.a.AnnotationMBeanExporter - Registering beans for JMX exposure on startup
2017-10-16 16:31:48 [restartedMain] INFO  o.s.b.c.e.t.TomcatEmbeddedServletContainer - Tomcat started on port(s): 2000 (http)
2017-10-16 16:31:48 [restartedMain] INFO  c.t.f.FacerecognitionApplication - Started FacerecognitionApplication in 5.464 seconds (JVM running for 6.108)
2017-10-16 16:31:51 [http-nio-2000-exec-1] INFO  o.a.c.c.C.[Tomcat].[localhost].[/] - Initializing Spring FrameworkServlet 'dispatcherServlet'
2017-10-16 16:31:51 [http-nio-2000-exec-1] INFO  c.t.f.controller.FRController - prosessing.........
2017-10-16 16:31:57 [http-nio-2000-exec-1] INFO  c.t.f.service.FDService - detecting face.....
2017-10-16 16:31:59 [http-nio-2000-exec-1] INFO  c.t.f.service.FDService - file name is :face.jpg
2017-10-16 16:31:59 [http-nio-2000-exec-1] INFO  c.t.f.service.FDService - file name is :face.jpg
2017-10-16 16:32:08 [http-nio-2000-exec-1] INFO  c.t.f.service.FDService - response is :200
2017-10-16 16:32:09 [http-nio-2000-exec-1] ERROR c.t.f.service.FDService - file exist true
2017-10-16 16:32:10 [http-nio-2000-exec-1] ERROR c.t.f.service.FDService - detectResponse [{"faceId":"7461a6b7-f642-411e-9304-a909d7ceac71","faceRectangle":{"top":58,"left":45,"width":66,"height":66}}]
2017-10-16 16:32:11 [http-nio-2000-exec-1] INFO  c.t.f.service.FDService - face detected..
2017-10-16 16:32:17 [http-nio-2000-exec-1] INFO  c.t.f.service.FDService - face id is ::7461a6b7-f642-411e-9304-a909d7ceac71
2017-10-16 16:32:22 [http-nio-2000-exec-1] INFO  c.t.f.service.FDService - Identifying Person.......
2017-10-16 16:32:33 [http-nio-2000-exec-1] INFO  c.t.f.service.FDService - Person identified..
2017-10-16 16:33:37 [restartedMain] INFO  c.t.f.FacerecognitionApplication - Starting FacerecognitionApplication on TACME-QMTIC with PID 14636 (C:\Users\TACME\Desktop\python-object-detection\facerecognition\facerecognition\target\classes started by TACME in C:\Users\TACME\Desktop\python-object-detection\facerecognition\facerecognition)
2017-10-16 16:33:37 [restartedMain] INFO  c.t.f.FacerecognitionApplication - No active profile set, falling back to default profiles: default
2017-10-16 16:33:37 [restartedMain] INFO  o.s.b.c.e.AnnotationConfigEmbeddedWebApplicationContext - Refreshing org.springframework.boot.context.embedded.AnnotationConfigEmbeddedWebApplicationContext@1d274535: startup date [Mon Oct 16 16:33:37 GST 2017]; root of context hierarchy
2017-10-16 16:33:39 [restartedMain] INFO  o.s.b.c.e.t.TomcatEmbeddedServletContainer - Tomcat initialized with port(s): 2000 (http)
2017-10-16 16:33:39 [restartedMain] INFO  o.a.catalina.core.StandardService - Starting service [Tomcat]
2017-10-16 16:33:39 [restartedMain] INFO  o.a.catalina.core.StandardEngine - Starting Servlet Engine: Apache Tomcat/8.5.20
2017-10-16 16:33:39 [localhost-startStop-1] INFO  o.a.c.c.C.[Tomcat].[localhost].[/] - Initializing Spring embedded WebApplicationContext
2017-10-16 16:33:40 [localhost-startStop-1] INFO  o.s.b.w.s.ServletRegistrationBean - Mapping servlet: 'dispatcherServlet' to [/]
2017-10-16 16:33:40 [localhost-startStop-1] INFO  o.s.b.w.s.FilterRegistrationBean - Mapping filter: 'characterEncodingFilter' to: [/*]
2017-10-16 16:33:40 [localhost-startStop-1] INFO  o.s.b.w.s.FilterRegistrationBean - Mapping filter: 'hiddenHttpMethodFilter' to: [/*]
2017-10-16 16:33:40 [localhost-startStop-1] INFO  o.s.b.w.s.FilterRegistrationBean - Mapping filter: 'httpPutFormContentFilter' to: [/*]
2017-10-16 16:33:40 [localhost-startStop-1] INFO  o.s.b.w.s.FilterRegistrationBean - Mapping filter: 'requestContextFilter' to: [/*]
2017-10-16 16:33:42 [restartedMain] INFO  o.s.b.d.a.OptionalLiveReloadServer - LiveReload server is running on port 35729
2017-10-16 16:33:42 [restartedMain] INFO  o.s.j.e.a.AnnotationMBeanExporter - Registering beans for JMX exposure on startup
2017-10-16 16:33:42 [restartedMain] INFO  o.s.b.c.e.t.TomcatEmbeddedServletContainer - Tomcat started on port(s): 2000 (http)
2017-10-16 16:33:42 [restartedMain] INFO  c.t.f.FacerecognitionApplication - Started FacerecognitionApplication in 5.842 seconds (JVM running for 6.356)
2017-10-16 16:33:47 [http-nio-2000-exec-1] INFO  o.a.c.c.C.[Tomcat].[localhost].[/] - Initializing Spring FrameworkServlet 'dispatcherServlet'
2017-10-16 16:33:47 [http-nio-2000-exec-1] INFO  c.t.f.controller.FRController - prosessing.........
2017-10-16 16:33:50 [http-nio-2000-exec-1] INFO  c.t.f.service.FDService - detecting face.....
2017-10-16 16:33:50 [http-nio-2000-exec-1] INFO  c.t.f.service.FDService - file name is :face.jpg
2017-10-16 16:33:50 [http-nio-2000-exec-1] INFO  c.t.f.service.FDService - file name is :face.jpg
2017-10-16 16:33:53 [http-nio-2000-exec-1] INFO  c.t.f.service.FDService - response is :200
2017-10-16 16:33:54 [http-nio-2000-exec-1] ERROR c.t.f.service.FDService - file exist true
2017-10-16 16:33:54 [http-nio-2000-exec-1] ERROR c.t.f.service.FDService - detectResponse [{"faceId":"21e7f395-982d-4107-8f52-40a8ddaa792c","faceRectangle":{"top":58,"left":45,"width":66,"height":66}}]
2017-10-16 16:33:54 [http-nio-2000-exec-1] INFO  c.t.f.service.FDService - face detected..
2017-10-16 16:34:01 [http-nio-2000-exec-1] INFO  c.t.f.service.FDService - face id is ::21e7f395-982d-4107-8f52-40a8ddaa792c
2017-10-16 16:34:03 [http-nio-2000-exec-1] INFO  c.t.f.service.FDService - Identifying Person.......
2017-10-16 16:34:09 [http-nio-2000-exec-1] INFO  c.t.f.service.FDService - Person identified..
2017-10-16 16:34:32 [http-nio-2000-exec-1] INFO  c.t.f.controller.FRController - prosessing completed.........
2017-10-16 16:34:53 [http-nio-2000-exec-7] INFO  c.t.f.controller.FRController - prosessing.........
2017-10-16 16:34:58 [http-nio-2000-exec-7] INFO  c.t.f.service.FDService - detecting face.....
2017-10-16 16:34:59 [http-nio-2000-exec-7] INFO  c.t.f.service.FDService - file name is :face.jpg
2017-10-16 16:34:59 [http-nio-2000-exec-7] INFO  c.t.f.service.FDService - file name is :face.jpg
2017-10-16 16:35:03 [http-nio-2000-exec-7] INFO  c.t.f.service.FDService - response is :200
2017-10-16 16:35:04 [http-nio-2000-exec-7] ERROR c.t.f.service.FDService - file exist true
2017-10-16 16:35:04 [http-nio-2000-exec-7] ERROR c.t.f.service.FDService - detectResponse [{"faceId":"0fbacb28-fc6b-4e4b-abb8-7d2045ba7d14","faceRectangle":{"top":171,"left":249,"width":201,"height":201}}]
2017-10-16 16:35:04 [http-nio-2000-exec-7] INFO  c.t.f.service.FDService - face detected..
2017-10-16 16:35:08 [http-nio-2000-exec-7] INFO  c.t.f.service.FDService - face id is ::0fbacb28-fc6b-4e4b-abb8-7d2045ba7d14
2017-10-16 16:35:08 [http-nio-2000-exec-7] INFO  c.t.f.service.FDService - Identifying Person.......
2017-10-16 16:35:12 [http-nio-2000-exec-7] INFO  c.t.f.service.FDService - Person identified..
2017-10-16 16:35:24 [http-nio-2000-exec-7] INFO  c.t.f.service.FDService - Person id is ::a70bf7f8-44c0-499f-83c6-08d895c7482d
2017-10-16 16:35:29 [http-nio-2000-exec-7] INFO  c.t.f.service.FDService - Fetching Person Info.......
2017-10-16 16:35:33 [http-nio-2000-exec-7] INFO  c.t.f.service.FDService - personDetails ::{"personId":"a70bf7f8-44c0-499f-83c6-08d895c7482d","persistedFaceIds":["54331cad-5422-4e96-9765-b77764bb1d49"],"name":"Kannan Ajay ","userData":"Kannan-0509407545"}
2017-10-16 16:35:33 [http-nio-2000-exec-7] INFO  c.t.f.controller.FRController - prosessing completed.........
2017-10-16 16:36:37 [Thread-6] INFO  o.s.b.c.e.AnnotationConfigEmbeddedWebApplicationContext - Closing org.springframework.boot.context.embedded.AnnotationConfigEmbeddedWebApplicationContext@1d274535: startup date [Mon Oct 16 16:33:37 GST 2017]; root of context hierarchy
2017-10-16 16:36:37 [Thread-6] INFO  o.s.j.e.a.AnnotationMBeanExporter - Unregistering JMX-exposed beans on shutdown
2017-10-16 16:36:37 [restartedMain] INFO  c.t.f.FacerecognitionApplication - Starting FacerecognitionApplication on TACME-QMTIC with PID 14636 (C:\Users\TACME\Desktop\python-object-detection\facerecognition\facerecognition\target\classes started by TACME in C:\Users\TACME\Desktop\python-object-detection\facerecognition\facerecognition)
2017-10-16 16:36:37 [restartedMain] INFO  c.t.f.FacerecognitionApplication - No active profile set, falling back to default profiles: default
2017-10-16 16:36:37 [restartedMain] INFO  o.s.b.c.e.AnnotationConfigEmbeddedWebApplicationContext - Refreshing org.springframework.boot.context.embedded.AnnotationConfigEmbeddedWebApplicationContext@7b853c5: startup date [Mon Oct 16 16:36:37 GST 2017]; root of context hierarchy
2017-10-16 16:36:38 [restartedMain] INFO  o.s.b.c.e.t.TomcatEmbeddedServletContainer - Tomcat initialized with port(s): 2000 (http)
2017-10-16 16:36:38 [restartedMain] INFO  o.a.catalina.core.StandardService - Starting service [Tomcat]
2017-10-16 16:36:38 [restartedMain] INFO  o.a.catalina.core.StandardEngine - Starting Servlet Engine: Apache Tomcat/8.5.20
2017-10-16 16:36:38 [localhost-startStop-1] INFO  o.a.c.c.C.[Tomcat].[localhost].[/] - Initializing Spring embedded WebApplicationContext
2017-10-16 16:36:38 [localhost-startStop-1] INFO  o.s.b.w.s.ServletRegistrationBean - Mapping servlet: 'dispatcherServlet' to [/]
2017-10-16 16:36:38 [localhost-startStop-1] INFO  o.s.b.w.s.FilterRegistrationBean - Mapping filter: 'characterEncodingFilter' to: [/*]
2017-10-16 16:36:38 [localhost-startStop-1] INFO  o.s.b.w.s.FilterRegistrationBean - Mapping filter: 'hiddenHttpMethodFilter' to: [/*]
2017-10-16 16:36:38 [localhost-startStop-1] INFO  o.s.b.w.s.FilterRegistrationBean - Mapping filter: 'httpPutFormContentFilter' to: [/*]
2017-10-16 16:36:38 [localhost-startStop-1] INFO  o.s.b.w.s.FilterRegistrationBean - Mapping filter: 'requestContextFilter' to: [/*]
2017-10-16 16:36:39 [restartedMain] INFO  o.s.b.d.a.OptionalLiveReloadServer - LiveReload server is running on port 35729
2017-10-16 16:36:39 [restartedMain] INFO  o.s.j.e.a.AnnotationMBeanExporter - Registering beans for JMX exposure on startup
2017-10-16 16:36:39 [restartedMain] INFO  o.s.b.c.e.t.TomcatEmbeddedServletContainer - Tomcat started on port(s): 2000 (http)
2017-10-16 16:36:39 [restartedMain] INFO  c.t.f.FacerecognitionApplication - Started FacerecognitionApplication in 1.292 seconds (JVM running for 182.976)
2017-10-16 16:37:10 [Thread-10] INFO  o.s.b.c.e.AnnotationConfigEmbeddedWebApplicationContext - Closing org.springframework.boot.context.embedded.AnnotationConfigEmbeddedWebApplicationContext@7b853c5: startup date [Mon Oct 16 16:36:37 GST 2017]; root of context hierarchy
2017-10-16 16:37:10 [Thread-10] INFO  o.s.j.e.a.AnnotationMBeanExporter - Unregistering JMX-exposed beans on shutdown
2017-10-16 16:37:11 [restartedMain] INFO  c.t.f.FacerecognitionApplication - Starting FacerecognitionApplication on TACME-QMTIC with PID 14636 (C:\Users\TACME\Desktop\python-object-detection\facerecognition\facerecognition\target\classes started by TACME in C:\Users\TACME\Desktop\python-object-detection\facerecognition\facerecognition)
2017-10-16 16:37:11 [restartedMain] INFO  c.t.f.FacerecognitionApplication - No active profile set, falling back to default profiles: default
2017-10-16 16:37:11 [restartedMain] INFO  o.s.b.c.e.AnnotationConfigEmbeddedWebApplicationContext - Refreshing org.springframework.boot.context.embedded.AnnotationConfigEmbeddedWebApplicationContext@26b20fb8: startup date [Mon Oct 16 16:37:11 GST 2017]; root of context hierarchy
2017-10-16 16:37:11 [restartedMain] INFO  o.s.b.c.e.t.TomcatEmbeddedServletContainer - Tomcat initialized with port(s): 2000 (http)
2017-10-16 16:37:11 [restartedMain] INFO  o.a.catalina.core.StandardService - Starting service [Tomcat]
2017-10-16 16:37:11 [restartedMain] INFO  o.a.catalina.core.StandardEngine - Starting Servlet Engine: Apache Tomcat/8.5.20
2017-10-16 16:37:11 [localhost-startStop-1] INFO  o.a.c.c.C.[Tomcat].[localhost].[/] - Initializing Spring embedded WebApplicationContext
2017-10-16 16:37:11 [localhost-startStop-1] INFO  o.s.b.w.s.ServletRegistrationBean - Mapping servlet: 'dispatcherServlet' to [/]
2017-10-16 16:37:11 [localhost-startStop-1] INFO  o.s.b.w.s.FilterRegistrationBean - Mapping filter: 'characterEncodingFilter' to: [/*]
2017-10-16 16:37:11 [localhost-startStop-1] INFO  o.s.b.w.s.FilterRegistrationBean - Mapping filter: 'hiddenHttpMethodFilter' to: [/*]
2017-10-16 16:37:11 [localhost-startStop-1] INFO  o.s.b.w.s.FilterRegistrationBean - Mapping filter: 'httpPutFormContentFilter' to: [/*]
2017-10-16 16:37:11 [localhost-startStop-1] INFO  o.s.b.w.s.FilterRegistrationBean - Mapping filter: 'requestContextFilter' to: [/*]
2017-10-16 16:37:12 [restartedMain] INFO  o.s.b.d.a.OptionalLiveReloadServer - LiveReload server is running on port 35729
2017-10-16 16:37:12 [restartedMain] INFO  o.s.j.e.a.AnnotationMBeanExporter - Registering beans for JMX exposure on startup
2017-10-16 16:37:12 [restartedMain] INFO  o.s.b.c.e.t.TomcatEmbeddedServletContainer - Tomcat started on port(s): 2000 (http)
2017-10-16 16:37:12 [restartedMain] INFO  c.t.f.FacerecognitionApplication - Started FacerecognitionApplication in 1.213 seconds (JVM running for 216.12)
2017-10-16 16:37:53 [Thread-16] INFO  o.s.b.c.e.AnnotationConfigEmbeddedWebApplicationContext - Closing org.springframework.boot.context.embedded.AnnotationConfigEmbeddedWebApplicationContext@26b20fb8: startup date [Mon Oct 16 16:37:11 GST 2017]; root of context hierarchy
2017-10-16 16:37:53 [Thread-16] INFO  o.s.j.e.a.AnnotationMBeanExporter - Unregistering JMX-exposed beans on shutdown
2017-10-16 16:38:53 [restartedMain] INFO  c.t.f.FacerecognitionApplication - Starting FacerecognitionApplication on TACME-QMTIC with PID 4148 (C:\Users\TACME\Desktop\python-object-detection\facerecognition\facerecognition\target\classes started by TACME in C:\Users\TACME\Desktop\python-object-detection\facerecognition\facerecognition)
2017-10-16 16:38:53 [restartedMain] INFO  c.t.f.FacerecognitionApplication - No active profile set, falling back to default profiles: default
2017-10-16 16:38:53 [restartedMain] INFO  o.s.b.c.e.AnnotationConfigEmbeddedWebApplicationContext - Refreshing org.springframework.boot.context.embedded.AnnotationConfigEmbeddedWebApplicationContext@5843c448: startup date [Mon Oct 16 16:38:53 GST 2017]; root of context hierarchy
2017-10-16 16:38:55 [restartedMain] INFO  o.s.b.c.e.t.TomcatEmbeddedServletContainer - Tomcat initialized with port(s): 2000 (http)
2017-10-16 16:38:55 [restartedMain] INFO  o.a.catalina.core.StandardService - Starting service [Tomcat]
2017-10-16 16:38:55 [restartedMain] INFO  o.a.catalina.core.StandardEngine - Starting Servlet Engine: Apache Tomcat/8.5.20
2017-10-16 16:38:55 [localhost-startStop-1] INFO  o.a.c.c.C.[Tomcat].[localhost].[/] - Initializing Spring embedded WebApplicationContext
2017-10-16 16:38:55 [localhost-startStop-1] INFO  o.s.b.w.s.ServletRegistrationBean - Mapping servlet: 'dispatcherServlet' to [/]
2017-10-16 16:38:55 [localhost-startStop-1] INFO  o.s.b.w.s.FilterRegistrationBean - Mapping filter: 'characterEncodingFilter' to: [/*]
2017-10-16 16:38:55 [localhost-startStop-1] INFO  o.s.b.w.s.FilterRegistrationBean - Mapping filter: 'hiddenHttpMethodFilter' to: [/*]
2017-10-16 16:38:55 [localhost-startStop-1] INFO  o.s.b.w.s.FilterRegistrationBean - Mapping filter: 'httpPutFormContentFilter' to: [/*]
2017-10-16 16:38:55 [localhost-startStop-1] INFO  o.s.b.w.s.FilterRegistrationBean - Mapping filter: 'requestContextFilter' to: [/*]
2017-10-16 16:38:57 [restartedMain] INFO  o.s.b.d.a.OptionalLiveReloadServer - LiveReload server is running on port 35729
2017-10-16 16:38:57 [restartedMain] INFO  o.s.j.e.a.AnnotationMBeanExporter - Registering beans for JMX exposure on startup
2017-10-16 16:38:57 [restartedMain] INFO  o.s.b.c.e.t.TomcatEmbeddedServletContainer - Tomcat started on port(s): 2000 (http)
2017-10-16 16:38:57 [restartedMain] INFO  c.t.f.FacerecognitionApplication - Started FacerecognitionApplication in 4.713 seconds (JVM running for 5.183)
2017-10-16 16:39:26 [http-nio-2000-exec-1] INFO  o.a.c.c.C.[Tomcat].[localhost].[/] - Initializing Spring FrameworkServlet 'dispatcherServlet'
2017-10-16 16:39:26 [http-nio-2000-exec-2] INFO  c.t.f.controller.FRController - prosessing.........
2017-10-16 16:39:26 [http-nio-2000-exec-2] INFO  c.t.f.service.FDService - detecting face.....
2017-10-16 16:39:30 [http-nio-2000-exec-2] INFO  c.t.f.service.FDService - response is :200
2017-10-16 16:39:30 [http-nio-2000-exec-2] INFO  c.t.f.service.FDService - face detected..
2017-10-16 16:39:30 [http-nio-2000-exec-2] INFO  c.t.f.service.FDService - face id is ::1b707b05-a664-449d-b670-5eefb9e02770
2017-10-16 16:39:30 [http-nio-2000-exec-2] INFO  c.t.f.service.FDService - Identifying Person.......
2017-10-16 16:39:31 [http-nio-2000-exec-2] INFO  c.t.f.service.FDService - Person identified..
2017-10-16 16:39:31 [http-nio-2000-exec-2] INFO  c.t.f.service.FDService - Person id is ::a70bf7f8-44c0-499f-83c6-08d895c7482d
2017-10-16 16:39:31 [http-nio-2000-exec-2] INFO  c.t.f.service.FDService - Fetching Person Info.......
2017-10-16 16:39:31 [http-nio-2000-exec-2] INFO  c.t.f.service.FDService - personDetails ::{"personId":"a70bf7f8-44c0-499f-83c6-08d895c7482d","persistedFaceIds":["54331cad-5422-4e96-9765-b77764bb1d49"],"name":"Kannan Ajay ","userData":"Kannan-0509407545"}
2017-10-16 16:39:31 [http-nio-2000-exec-2] INFO  c.t.f.controller.FRController - prosessing completed.........
2017-10-16 16:39:52 [http-nio-2000-exec-4] INFO  c.t.f.controller.FRController - prosessing.........
2017-10-16 16:39:52 [http-nio-2000-exec-4] INFO  c.t.f.service.FDService - detecting face.....
2017-10-16 16:39:53 [http-nio-2000-exec-4] INFO  c.t.f.service.FDService - response is :200
2017-10-16 16:39:53 [http-nio-2000-exec-4] INFO  c.t.f.service.FDService - face detected..
2017-10-16 16:39:53 [http-nio-2000-exec-4] INFO  c.t.f.service.FDService - face id is ::a71cdfaf-83f5-46a4-a96c-c97940d6c99b
2017-10-16 16:39:53 [http-nio-2000-exec-4] INFO  c.t.f.service.FDService - Identifying Person.......
2017-10-16 16:39:53 [http-nio-2000-exec-4] INFO  c.t.f.service.FDService - Person not identified
2017-10-16 16:39:53 [http-nio-2000-exec-4] INFO  c.t.f.controller.FRController - prosessing completed.........
2017-10-16 16:40:05 [http-nio-2000-exec-6] INFO  c.t.f.controller.FRController - prosessing.........
2017-10-16 16:40:05 [http-nio-2000-exec-6] INFO  c.t.f.controller.FRController - prosessing completed.........
2017-10-16 16:40:14 [http-nio-2000-exec-7] INFO  c.t.f.controller.FRController - prosessing.........
2017-10-16 16:40:14 [http-nio-2000-exec-7] INFO  c.t.f.controller.FRController - prosessing completed.........
2017-10-16 16:42:44 [restartedMain] INFO  c.t.f.FacerecognitionApplication - Starting FacerecognitionApplication on TACME-QMTIC with PID 12912 (C:\Users\TACME\Desktop\python-object-detection\facerecognition\facerecognition\target\classes started by TACME in C:\Users\TACME\Desktop\python-object-detection\facerecognition\facerecognition)
2017-10-16 16:42:44 [restartedMain] INFO  c.t.f.FacerecognitionApplication - No active profile set, falling back to default profiles: default
2017-10-16 16:42:44 [restartedMain] INFO  o.s.b.c.e.AnnotationConfigEmbeddedWebApplicationContext - Refreshing org.springframework.boot.context.embedded.AnnotationConfigEmbeddedWebApplicationContext@2cad8267: startup date [Mon Oct 16 16:42:44 GST 2017]; root of context hierarchy
2017-10-16 16:42:46 [restartedMain] INFO  o.s.b.c.e.t.TomcatEmbeddedServletContainer - Tomcat initialized with port(s): 2000 (http)
2017-10-16 16:42:46 [restartedMain] INFO  o.a.catalina.core.StandardService - Starting service [Tomcat]
2017-10-16 16:42:46 [restartedMain] INFO  o.a.catalina.core.StandardEngine - Starting Servlet Engine: Apache Tomcat/8.5.20
2017-10-16 16:42:47 [localhost-startStop-1] INFO  o.a.c.c.C.[Tomcat].[localhost].[/] - Initializing Spring embedded WebApplicationContext
2017-10-16 16:42:47 [localhost-startStop-1] INFO  o.s.b.w.s.ServletRegistrationBean - Mapping servlet: 'dispatcherServlet' to [/]
2017-10-16 16:42:47 [localhost-startStop-1] INFO  o.s.b.w.s.FilterRegistrationBean - Mapping filter: 'characterEncodingFilter' to: [/*]
2017-10-16 16:42:47 [localhost-startStop-1] INFO  o.s.b.w.s.FilterRegistrationBean - Mapping filter: 'hiddenHttpMethodFilter' to: [/*]
2017-10-16 16:42:47 [localhost-startStop-1] INFO  o.s.b.w.s.FilterRegistrationBean - Mapping filter: 'httpPutFormContentFilter' to: [/*]
2017-10-16 16:42:47 [localhost-startStop-1] INFO  o.s.b.w.s.FilterRegistrationBean - Mapping filter: 'requestContextFilter' to: [/*]
2017-10-16 16:42:48 [restartedMain] INFO  o.s.b.d.a.OptionalLiveReloadServer - LiveReload server is running on port 35729
2017-10-16 16:42:48 [restartedMain] INFO  o.s.j.e.a.AnnotationMBeanExporter - Registering beans for JMX exposure on startup
2017-10-16 16:42:48 [restartedMain] INFO  o.s.b.c.e.t.TomcatEmbeddedServletContainer - Tomcat started on port(s): 2000 (http)
2017-10-16 16:42:48 [restartedMain] INFO  c.t.f.FacerecognitionApplication - Started FacerecognitionApplication in 4.357 seconds (JVM running for 4.774)
2017-10-16 16:42:54 [http-nio-2000-exec-1] INFO  o.a.c.c.C.[Tomcat].[localhost].[/] - Initializing Spring FrameworkServlet 'dispatcherServlet'
2017-10-16 16:42:54 [http-nio-2000-exec-2] INFO  c.t.f.controller.FRController - prosessing.........
2017-10-16 16:42:54 [http-nio-2000-exec-2] INFO  c.t.f.controller.FRController - prosessing completed.........
2017-10-16 16:42:56 [http-nio-2000-exec-5] INFO  c.t.f.controller.FRController - prosessing.........
2017-10-16 16:42:56 [http-nio-2000-exec-5] INFO  c.t.f.controller.FRController - prosessing completed.........
2017-10-16 16:42:59 [http-nio-2000-exec-6] INFO  c.t.f.controller.FRController - prosessing.........
2017-10-16 16:42:59 [http-nio-2000-exec-6] INFO  c.t.f.controller.FRController - prosessing completed.........
2017-10-16 16:43:08 [http-nio-2000-exec-8] INFO  c.t.f.controller.FRController - prosessing.........
2017-10-16 16:43:08 [http-nio-2000-exec-8] INFO  c.t.f.service.FDService - detecting face.....
2017-10-16 16:43:12 [http-nio-2000-exec-8] INFO  c.t.f.service.FDService - response is :200
2017-10-16 16:43:12 [http-nio-2000-exec-8] INFO  c.t.f.service.FDService - face detected..
2017-10-16 16:43:12 [http-nio-2000-exec-8] INFO  c.t.f.service.FDService - face id is ::724f61ee-a21d-4d72-80fa-e6ba0728d011
2017-10-16 16:43:12 [http-nio-2000-exec-8] INFO  c.t.f.service.FDService - Identifying Person.......
2017-10-16 16:43:13 [http-nio-2000-exec-8] INFO  c.t.f.service.FDService - Person identified..
2017-10-16 16:43:13 [http-nio-2000-exec-8] INFO  c.t.f.service.FDService - Person id is ::a70bf7f8-44c0-499f-83c6-08d895c7482d
2017-10-16 16:43:13 [http-nio-2000-exec-8] INFO  c.t.f.service.FDService - Fetching Person Info.......
2017-10-16 16:43:13 [http-nio-2000-exec-8] INFO  c.t.f.service.FDService - personDetails ::{"personId":"a70bf7f8-44c0-499f-83c6-08d895c7482d","persistedFaceIds":["54331cad-5422-4e96-9765-b77764bb1d49"],"name":"Kannan Ajay ","userData":"Kannan-0509407545"}
2017-10-16 16:43:13 [http-nio-2000-exec-8] INFO  c.t.f.controller.FRController - prosessing completed.........
2017-10-16 16:43:17 [http-nio-2000-exec-10] INFO  c.t.f.controller.FRController - prosessing.........
2017-10-16 16:43:17 [http-nio-2000-exec-10] INFO  c.t.f.controller.FRController - prosessing completed.........
2017-10-16 16:43:39 [http-nio-2000-exec-2] INFO  c.t.f.controller.FRController - prosessing.........
2017-10-16 16:43:39 [http-nio-2000-exec-2] INFO  c.t.f.service.FDService - detecting face.....
2017-10-16 16:43:41 [http-nio-2000-exec-2] INFO  c.t.f.service.FDService - response is :200
2017-10-16 16:43:41 [http-nio-2000-exec-2] INFO  c.t.f.service.FDService - face detected..
2017-10-16 16:43:41 [http-nio-2000-exec-2] INFO  c.t.f.service.FDService - face id is ::12e921ba-e0ad-4f16-a96c-453f3b912057
2017-10-16 16:43:41 [http-nio-2000-exec-2] INFO  c.t.f.service.FDService - Identifying Person.......
2017-10-16 16:43:41 [http-nio-2000-exec-2] INFO  c.t.f.service.FDService - Person not identified
2017-10-16 16:43:41 [http-nio-2000-exec-2] INFO  c.t.f.controller.FRController - prosessing completed.........
2017-10-16 16:44:35 [http-nio-2000-exec-5] INFO  c.t.f.controller.FRController - prosessing.........
2017-10-16 16:44:35 [http-nio-2000-exec-5] INFO  c.t.f.controller.FRController - prosessing completed.........
2017-10-16 16:44:48 [http-nio-2000-exec-6] INFO  c.t.f.controller.FRController - prosessing.........
2017-10-16 16:44:48 [http-nio-2000-exec-6] INFO  c.t.f.service.FDService - detecting face.....
2017-10-16 16:44:49 [http-nio-2000-exec-6] INFO  c.t.f.service.FDService - response is :200
2017-10-16 16:44:49 [http-nio-2000-exec-6] INFO  c.t.f.service.FDService - face detected..
2017-10-16 16:44:49 [http-nio-2000-exec-6] INFO  c.t.f.service.FDService - face id is ::ae2588d2-236f-43ef-9d40-cd40b4476a22
2017-10-16 16:44:49 [http-nio-2000-exec-6] INFO  c.t.f.service.FDService - Identifying Person.......
2017-10-16 16:44:49 [http-nio-2000-exec-6] INFO  c.t.f.service.FDService - Person not identified
2017-10-16 16:44:49 [http-nio-2000-exec-6] INFO  c.t.f.controller.FRController - prosessing completed.........
2017-10-16 16:44:59 [http-nio-2000-exec-8] INFO  c.t.f.controller.FRController - prosessing.........
2017-10-16 16:44:59 [http-nio-2000-exec-8] INFO  c.t.f.service.FDService - detecting face.....
2017-10-16 16:45:01 [http-nio-2000-exec-8] INFO  c.t.f.service.FDService - response is :200
2017-10-16 16:45:01 [http-nio-2000-exec-8] INFO  c.t.f.service.FDService - face detected..
2017-10-16 16:45:01 [http-nio-2000-exec-8] INFO  c.t.f.service.FDService - face id is ::3c2bae0b-70cf-4f5b-bc41-dd131e154b96
2017-10-16 16:45:01 [http-nio-2000-exec-8] INFO  c.t.f.service.FDService - Identifying Person.......
2017-10-16 16:45:01 [http-nio-2000-exec-8] INFO  c.t.f.service.FDService - Person identified..
2017-10-16 16:45:01 [http-nio-2000-exec-8] INFO  c.t.f.service.FDService - Person id is ::a70bf7f8-44c0-499f-83c6-08d895c7482d
2017-10-16 16:45:01 [http-nio-2000-exec-8] INFO  c.t.f.service.FDService - Fetching Person Info.......
2017-10-16 16:45:01 [http-nio-2000-exec-8] INFO  c.t.f.service.FDService - personDetails ::{"personId":"a70bf7f8-44c0-499f-83c6-08d895c7482d","persistedFaceIds":["54331cad-5422-4e96-9765-b77764bb1d49"],"name":"Kannan Ajay ","userData":"Kannan-0509407545"}
2017-10-16 16:45:01 [http-nio-2000-exec-8] INFO  c.t.f.controller.FRController - prosessing completed.........
2017-10-16 16:51:36 [restartedMain] INFO  c.t.f.FacerecognitionApplication - Starting FacerecognitionApplication on TACME-QMTIC with PID 10748 (C:\Users\TACME\Desktop\python-object-detection\facerecognition\facerecognition\target\classes started by TACME in C:\Users\TACME\Desktop\python-object-detection\facerecognition\facerecognition)
2017-10-16 16:51:36 [restartedMain] INFO  c.t.f.FacerecognitionApplication - No active profile set, falling back to default profiles: default
2017-10-16 16:51:36 [restartedMain] INFO  o.s.b.c.e.AnnotationConfigEmbeddedWebApplicationContext - Refreshing org.springframework.boot.context.embedded.AnnotationConfigEmbeddedWebApplicationContext@5843c448: startup date [Mon Oct 16 16:51:36 GST 2017]; root of context hierarchy
2017-10-16 16:51:39 [restartedMain] INFO  o.s.b.c.e.t.TomcatEmbeddedServletContainer - Tomcat initialized with port(s): 2000 (http)
2017-10-16 16:51:39 [restartedMain] INFO  o.a.catalina.core.StandardService - Starting service [Tomcat]
2017-10-16 16:51:39 [restartedMain] INFO  o.a.catalina.core.StandardEngine - Starting Servlet Engine: Apache Tomcat/8.5.20
2017-10-16 16:51:39 [localhost-startStop-1] INFO  o.a.c.c.C.[Tomcat].[localhost].[/] - Initializing Spring embedded WebApplicationContext
2017-10-16 16:51:40 [localhost-startStop-1] INFO  o.s.b.w.s.ServletRegistrationBean - Mapping servlet: 'dispatcherServlet' to [/]
2017-10-16 16:51:40 [localhost-startStop-1] INFO  o.s.b.w.s.FilterRegistrationBean - Mapping filter: 'characterEncodingFilter' to: [/*]
2017-10-16 16:51:40 [localhost-startStop-1] INFO  o.s.b.w.s.FilterRegistrationBean - Mapping filter: 'hiddenHttpMethodFilter' to: [/*]
2017-10-16 16:51:40 [localhost-startStop-1] INFO  o.s.b.w.s.FilterRegistrationBean - Mapping filter: 'httpPutFormContentFilter' to: [/*]
2017-10-16 16:51:40 [localhost-startStop-1] INFO  o.s.b.w.s.FilterRegistrationBean - Mapping filter: 'requestContextFilter' to: [/*]
2017-10-16 16:51:42 [restartedMain] INFO  o.s.b.d.a.OptionalLiveReloadServer - LiveReload server is running on port 35729
2017-10-16 16:51:42 [restartedMain] INFO  o.s.j.e.a.AnnotationMBeanExporter - Registering beans for JMX exposure on startup
2017-10-16 16:51:42 [restartedMain] INFO  o.s.b.c.e.t.TomcatEmbeddedServletContainer - Tomcat started on port(s): 2000 (http)
2017-10-16 16:51:42 [restartedMain] INFO  c.t.f.FacerecognitionApplication - Started FacerecognitionApplication in 6.811 seconds (JVM running for 7.481)
2017-10-16 16:51:42 [http-nio-2000-exec-9] INFO  o.a.c.c.C.[Tomcat].[localhost].[/] - Initializing Spring FrameworkServlet 'dispatcherServlet'
2017-10-16 16:51:43 [http-nio-2000-exec-8] INFO  c.t.f.controller.FRController - prosessing.........
2017-10-16 16:51:43 [http-nio-2000-exec-8] INFO  c.t.f.service.FDService - detecting face.....
2017-10-16 16:51:49 [http-nio-2000-exec-8] INFO  c.t.f.service.FDService - response is :200
2017-10-16 16:51:49 [http-nio-2000-exec-8] INFO  c.t.f.service.FDService - face detected..
2017-10-16 16:51:49 [http-nio-2000-exec-8] INFO  c.t.f.service.FDService - face id is ::f92ee1e2-497f-4735-998c-66e6b21cd0da
2017-10-16 16:51:49 [http-nio-2000-exec-8] INFO  c.t.f.service.FDService - Identifying Person.......
2017-10-16 16:51:49 [http-nio-2000-exec-8] INFO  c.t.f.service.FDService - Person identified..
2017-10-16 16:51:49 [http-nio-2000-exec-8] INFO  c.t.f.service.FDService - Person id is ::a70bf7f8-44c0-499f-83c6-08d895c7482d
2017-10-16 16:51:49 [http-nio-2000-exec-8] INFO  c.t.f.service.FDService - Fetching Person Info.......
2017-10-16 16:51:50 [http-nio-2000-exec-8] INFO  c.t.f.service.FDService - personDetails ::{"personId":"a70bf7f8-44c0-499f-83c6-08d895c7482d","persistedFaceIds":["54331cad-5422-4e96-9765-b77764bb1d49"],"name":"Kannan Ajay ","userData":"Kannan-0509407545"}
2017-10-16 16:51:50 [http-nio-2000-exec-8] INFO  c.t.f.controller.FRController - prosessing completed.........
2017-10-16 16:51:56 [http-nio-2000-exec-5] INFO  c.t.f.controller.FRController - prosessing.........
2017-10-16 16:51:56 [http-nio-2000-exec-5] INFO  c.t.f.service.FDService - detecting face.....
2017-10-16 16:51:59 [http-nio-2000-exec-5] INFO  c.t.f.service.FDService - response is :200
2017-10-16 16:51:59 [http-nio-2000-exec-5] INFO  c.t.f.service.FDService - face detected..
2017-10-16 16:51:59 [http-nio-2000-exec-5] INFO  c.t.f.service.FDService - face id is ::b7d6fdf2-108a-4457-bf9a-491951f3804b
2017-10-16 16:51:59 [http-nio-2000-exec-5] INFO  c.t.f.service.FDService - Identifying Person.......
2017-10-16 16:52:00 [http-nio-2000-exec-5] INFO  c.t.f.service.FDService - Person identified..
2017-10-16 16:52:00 [http-nio-2000-exec-5] INFO  c.t.f.service.FDService - Person id is ::a70bf7f8-44c0-499f-83c6-08d895c7482d
2017-10-16 16:52:00 [http-nio-2000-exec-5] INFO  c.t.f.service.FDService - Fetching Person Info.......
2017-10-16 16:52:00 [http-nio-2000-exec-5] INFO  c.t.f.service.FDService - personDetails ::{"personId":"a70bf7f8-44c0-499f-83c6-08d895c7482d","persistedFaceIds":["54331cad-5422-4e96-9765-b77764bb1d49"],"name":"Kannan Ajay ","userData":"Kannan-0509407545"}
2017-10-16 16:52:00 [http-nio-2000-exec-5] INFO  c.t.f.controller.FRController - prosessing completed.........
2017-10-16 16:52:11 [http-nio-2000-exec-3] INFO  c.t.f.controller.FRController - prosessing.........
2017-10-16 16:52:11 [http-nio-2000-exec-3] INFO  c.t.f.service.FDService - detecting face.....
2017-10-16 16:52:13 [http-nio-2000-exec-3] INFO  c.t.f.service.FDService - response is :200
2017-10-16 16:52:13 [http-nio-2000-exec-3] INFO  c.t.f.service.FDService - face detected..
2017-10-16 16:52:13 [http-nio-2000-exec-3] INFO  c.t.f.service.FDService - face id is ::67029069-1831-4d55-aa4c-e84918d94057
2017-10-16 16:52:13 [http-nio-2000-exec-3] INFO  c.t.f.service.FDService - Identifying Person.......
2017-10-16 16:52:14 [http-nio-2000-exec-3] INFO  c.t.f.service.FDService - Person not identified
2017-10-16 16:52:14 [http-nio-2000-exec-3] INFO  c.t.f.controller.FRController - prosessing completed.........
2017-10-16 16:52:26 [http-nio-2000-exec-10] INFO  c.t.f.controller.FRController - prosessing.........
2017-10-16 16:52:26 [http-nio-2000-exec-10] INFO  c.t.f.service.FDService - detecting face.....
2017-10-16 16:52:28 [http-nio-2000-exec-10] INFO  c.t.f.service.FDService - response is :200
2017-10-16 16:52:28 [http-nio-2000-exec-10] INFO  c.t.f.service.FDService - face detected..
2017-10-16 16:52:28 [http-nio-2000-exec-10] INFO  c.t.f.service.FDService - face id is ::c835e564-b0c3-4953-b6f2-33d639d9aed5
2017-10-16 16:52:28 [http-nio-2000-exec-10] INFO  c.t.f.service.FDService - Identifying Person.......
2017-10-16 16:52:28 [http-nio-2000-exec-10] INFO  c.t.f.service.FDService - Person identified..
2017-10-16 16:52:28 [http-nio-2000-exec-10] INFO  c.t.f.service.FDService - Person id is ::a70bf7f8-44c0-499f-83c6-08d895c7482d
2017-10-16 16:52:28 [http-nio-2000-exec-10] INFO  c.t.f.service.FDService - Fetching Person Info.......
2017-10-16 16:52:29 [http-nio-2000-exec-10] INFO  c.t.f.service.FDService - personDetails ::{"personId":"a70bf7f8-44c0-499f-83c6-08d895c7482d","persistedFaceIds":["54331cad-5422-4e96-9765-b77764bb1d49"],"name":"Kannan Ajay ","userData":"Kannan-0509407545"}
2017-10-16 16:52:29 [http-nio-2000-exec-10] INFO  c.t.f.controller.FRController - prosessing completed.........
2017-10-16 16:52:41 [http-nio-2000-exec-9] INFO  c.t.f.controller.FRController - prosessing.........
2017-10-16 16:52:41 [http-nio-2000-exec-9] INFO  c.t.f.service.FDService - detecting face.....
2017-10-16 16:52:45 [http-nio-2000-exec-9] INFO  c.t.f.service.FDService - response is :200
2017-10-16 16:52:45 [http-nio-2000-exec-9] INFO  c.t.f.service.FDService - face detected..
2017-10-16 16:52:45 [http-nio-2000-exec-9] INFO  c.t.f.service.FDService - face id is ::b85f8f6e-1ef0-448c-be71-a749b789f36c
2017-10-16 16:52:45 [http-nio-2000-exec-9] INFO  c.t.f.service.FDService - Identifying Person.......
2017-10-16 16:52:45 [http-nio-2000-exec-9] INFO  c.t.f.service.FDService - Person identified..
2017-10-16 16:52:45 [http-nio-2000-exec-9] INFO  c.t.f.service.FDService - Person id is ::a70bf7f8-44c0-499f-83c6-08d895c7482d
2017-10-16 16:52:45 [http-nio-2000-exec-9] INFO  c.t.f.service.FDService - Fetching Person Info.......
2017-10-16 16:52:46 [http-nio-2000-exec-9] INFO  c.t.f.service.FDService - personDetails ::{"personId":"a70bf7f8-44c0-499f-83c6-08d895c7482d","persistedFaceIds":["54331cad-5422-4e96-9765-b77764bb1d49"],"name":"Kannan Ajay ","userData":"Kannan-0509407545"}
2017-10-16 16:52:46 [http-nio-2000-exec-9] INFO  c.t.f.controller.FRController - prosessing completed.........
2017-10-16 16:52:56 [http-nio-2000-exec-7] INFO  c.t.f.controller.FRController - prosessing.........
2017-10-16 16:52:56 [http-nio-2000-exec-7] INFO  c.t.f.service.FDService - detecting face.....
2017-10-16 16:53:01 [http-nio-2000-exec-7] INFO  c.t.f.service.FDService - response is :200
2017-10-16 16:53:01 [http-nio-2000-exec-7] INFO  c.t.f.service.FDService - face detected..
2017-10-16 16:53:01 [http-nio-2000-exec-7] INFO  c.t.f.service.FDService - face id is ::e7be8ad0-ab26-4cf5-a34f-0d8ab01e8403
2017-10-16 16:53:01 [http-nio-2000-exec-7] INFO  c.t.f.service.FDService - Identifying Person.......
2017-10-16 16:53:01 [http-nio-2000-exec-7] INFO  c.t.f.service.FDService - Person identified..
2017-10-16 16:53:01 [http-nio-2000-exec-7] INFO  c.t.f.service.FDService - Person id is ::a70bf7f8-44c0-499f-83c6-08d895c7482d
2017-10-16 16:53:01 [http-nio-2000-exec-7] INFO  c.t.f.service.FDService - Fetching Person Info.......
2017-10-16 16:53:01 [http-nio-2000-exec-7] INFO  c.t.f.service.FDService - personDetails ::{"personId":"a70bf7f8-44c0-499f-83c6-08d895c7482d","persistedFaceIds":["54331cad-5422-4e96-9765-b77764bb1d49"],"name":"Kannan Ajay ","userData":"Kannan-0509407545"}
2017-10-16 16:53:01 [http-nio-2000-exec-7] INFO  c.t.f.controller.FRController - prosessing completed.........
2017-10-16 16:53:09 [http-nio-2000-exec-5] INFO  c.t.f.controller.FRController - prosessing.........
2017-10-16 16:53:09 [http-nio-2000-exec-5] INFO  c.t.f.controller.FRController - prosessing completed.........
2017-10-16 16:53:24 [http-nio-2000-exec-4] INFO  c.t.f.controller.FRController - prosessing.........
2017-10-16 16:53:24 [http-nio-2000-exec-4] INFO  c.t.f.controller.FRController - prosessing completed.........
2017-10-16 16:53:39 [http-nio-2000-exec-3] INFO  c.t.f.controller.FRController - prosessing.........
2017-10-16 16:53:39 [http-nio-2000-exec-3] INFO  c.t.f.controller.FRController - prosessing completed.........
2017-10-16 16:53:54 [http-nio-2000-exec-2] INFO  c.t.f.controller.FRController - prosessing.........
2017-10-16 16:53:54 [http-nio-2000-exec-2] INFO  c.t.f.controller.FRController - prosessing completed.........
2017-10-16 16:54:09 [http-nio-2000-exec-10] INFO  c.t.f.controller.FRController - prosessing.........
2017-10-16 16:54:09 [http-nio-2000-exec-10] INFO  c.t.f.controller.FRController - prosessing completed.........
2017-10-16 16:54:24 [http-nio-2000-exec-1] INFO  c.t.f.controller.FRController - prosessing.........
2017-10-16 16:54:24 [http-nio-2000-exec-1] INFO  c.t.f.controller.FRController - prosessing completed.........
2017-10-16 16:54:39 [http-nio-2000-exec-9] INFO  c.t.f.controller.FRController - prosessing.........
2017-10-16 16:54:39 [http-nio-2000-exec-9] INFO  c.t.f.controller.FRController - prosessing completed.........
2017-10-16 16:54:54 [http-nio-2000-exec-8] INFO  c.t.f.controller.FRController - prosessing.........
2017-10-16 16:54:54 [http-nio-2000-exec-8] INFO  c.t.f.controller.FRController - prosessing completed.........
2017-10-16 16:55:09 [http-nio-2000-exec-7] INFO  c.t.f.controller.FRController - prosessing.........
2017-10-16 16:55:09 [http-nio-2000-exec-7] INFO  c.t.f.controller.FRController - prosessing completed.........
2017-10-16 16:55:24 [http-nio-2000-exec-6] INFO  c.t.f.controller.FRController - prosessing.........
2017-10-16 16:55:24 [http-nio-2000-exec-6] INFO  c.t.f.controller.FRController - prosessing completed.........
2017-10-16 16:55:39 [http-nio-2000-exec-5] INFO  c.t.f.controller.FRController - prosessing.........
2017-10-16 16:55:39 [http-nio-2000-exec-5] INFO  c.t.f.controller.FRController - prosessing completed.........
2017-10-16 16:55:54 [http-nio-2000-exec-4] INFO  c.t.f.controller.FRController - prosessing.........
2017-10-16 16:55:54 [http-nio-2000-exec-4] INFO  c.t.f.controller.FRController - prosessing completed.........
2017-10-16 16:56:09 [http-nio-2000-exec-3] INFO  c.t.f.controller.FRController - prosessing.........
2017-10-16 16:56:09 [http-nio-2000-exec-3] INFO  c.t.f.controller.FRController - prosessing completed.........
2017-10-16 16:56:24 [http-nio-2000-exec-2] INFO  c.t.f.controller.FRController - prosessing.........
2017-10-16 16:56:24 [http-nio-2000-exec-2] INFO  c.t.f.controller.FRController - prosessing completed.........
2017-10-16 16:56:39 [http-nio-2000-exec-10] INFO  c.t.f.controller.FRController - prosessing.........
2017-10-16 16:56:39 [http-nio-2000-exec-10] INFO  c.t.f.controller.FRController - prosessing completed.........
2017-10-16 16:56:54 [http-nio-2000-exec-1] INFO  c.t.f.controller.FRController - prosessing.........
2017-10-16 16:56:54 [http-nio-2000-exec-1] INFO  c.t.f.controller.FRController - prosessing completed.........
2017-10-16 16:57:09 [http-nio-2000-exec-9] INFO  c.t.f.controller.FRController - prosessing.........
2017-10-16 16:57:09 [http-nio-2000-exec-9] INFO  c.t.f.controller.FRController - prosessing completed.........
2017-10-16 16:57:24 [http-nio-2000-exec-8] INFO  c.t.f.controller.FRController - prosessing.........
2017-10-16 16:57:24 [http-nio-2000-exec-8] INFO  c.t.f.controller.FRController - prosessing completed.........
2017-10-16 16:57:39 [http-nio-2000-exec-7] INFO  c.t.f.controller.FRController - prosessing.........
2017-10-16 16:57:39 [http-nio-2000-exec-7] INFO  c.t.f.controller.FRController - prosessing completed.........
2017-10-16 16:57:54 [http-nio-2000-exec-6] INFO  c.t.f.controller.FRController - prosessing.........
2017-10-16 16:57:54 [http-nio-2000-exec-6] INFO  c.t.f.controller.FRController - prosessing completed.........
2017-10-16 16:58:09 [http-nio-2000-exec-5] INFO  c.t.f.controller.FRController - prosessing.........
2017-10-16 16:58:09 [http-nio-2000-exec-5] INFO  c.t.f.controller.FRController - prosessing completed.........
2017-10-16 16:58:24 [http-nio-2000-exec-4] INFO  c.t.f.controller.FRController - prosessing.........
2017-10-16 16:58:24 [http-nio-2000-exec-4] INFO  c.t.f.controller.FRController - prosessing completed.........
2017-10-16 16:58:39 [http-nio-2000-exec-3] INFO  c.t.f.controller.FRController - prosessing.........
2017-10-16 16:58:39 [http-nio-2000-exec-3] INFO  c.t.f.controller.FRController - prosessing completed.........
2017-10-16 16:58:54 [http-nio-2000-exec-2] INFO  c.t.f.controller.FRController - prosessing.........
2017-10-16 16:58:54 [http-nio-2000-exec-2] INFO  c.t.f.controller.FRController - prosessing completed.........
2017-10-16 16:59:09 [http-nio-2000-exec-10] INFO  c.t.f.controller.FRController - prosessing.........
2017-10-16 16:59:09 [http-nio-2000-exec-10] INFO  c.t.f.controller.FRController - prosessing completed.........
2017-10-16 16:59:24 [http-nio-2000-exec-1] INFO  c.t.f.controller.FRController - prosessing.........
2017-10-16 16:59:24 [http-nio-2000-exec-1] INFO  c.t.f.controller.FRController - prosessing completed.........
2017-10-16 16:59:39 [http-nio-2000-exec-9] INFO  c.t.f.controller.FRController - prosessing.........
2017-10-16 16:59:39 [http-nio-2000-exec-9] INFO  c.t.f.controller.FRController - prosessing completed.........
2017-10-16 16:59:54 [http-nio-2000-exec-8] INFO  c.t.f.controller.FRController - prosessing.........
2017-10-16 16:59:54 [http-nio-2000-exec-8] INFO  c.t.f.controller.FRController - prosessing completed.........
2017-10-16 17:00:09 [http-nio-2000-exec-7] INFO  c.t.f.controller.FRController - prosessing.........
2017-10-16 17:00:09 [http-nio-2000-exec-7] INFO  c.t.f.controller.FRController - prosessing completed.........
2017-10-16 17:00:24 [http-nio-2000-exec-6] INFO  c.t.f.controller.FRController - prosessing.........
2017-10-16 17:00:24 [http-nio-2000-exec-6] INFO  c.t.f.controller.FRController - prosessing completed.........
2017-10-16 17:00:39 [http-nio-2000-exec-5] INFO  c.t.f.controller.FRController - prosessing.........
2017-10-16 17:00:39 [http-nio-2000-exec-5] INFO  c.t.f.controller.FRController - prosessing completed.........
2017-10-16 17:00:54 [http-nio-2000-exec-4] INFO  c.t.f.controller.FRController - prosessing.........
2017-10-16 17:00:54 [http-nio-2000-exec-4] INFO  c.t.f.controller.FRController - prosessing completed.........
2017-10-16 17:01:09 [http-nio-2000-exec-3] INFO  c.t.f.controller.FRController - prosessing.........
2017-10-16 17:01:09 [http-nio-2000-exec-3] INFO  c.t.f.controller.FRController - prosessing completed.........
2017-10-16 17:01:24 [http-nio-2000-exec-2] INFO  c.t.f.controller.FRController - prosessing.........
2017-10-16 17:01:24 [http-nio-2000-exec-2] INFO  c.t.f.controller.FRController - prosessing completed.........
2017-10-16 17:01:39 [http-nio-2000-exec-10] INFO  c.t.f.controller.FRController - prosessing.........
2017-10-16 17:01:39 [http-nio-2000-exec-10] INFO  c.t.f.controller.FRController - prosessing completed.........
2017-10-16 17:01:54 [http-nio-2000-exec-1] INFO  c.t.f.controller.FRController - prosessing.........
2017-10-16 17:01:54 [http-nio-2000-exec-1] INFO  c.t.f.controller.FRController - prosessing completed.........
2017-10-16 17:02:09 [http-nio-2000-exec-9] INFO  c.t.f.controller.FRController - prosessing.........
2017-10-16 17:02:09 [http-nio-2000-exec-9] INFO  c.t.f.controller.FRController - prosessing completed.........
2017-10-16 17:02:24 [http-nio-2000-exec-8] INFO  c.t.f.controller.FRController - prosessing.........
2017-10-16 17:02:24 [http-nio-2000-exec-8] INFO  c.t.f.controller.FRController - prosessing completed.........
2017-10-16 17:02:39 [http-nio-2000-exec-7] INFO  c.t.f.controller.FRController - prosessing.........
2017-10-16 17:02:39 [http-nio-2000-exec-7] INFO  c.t.f.controller.FRController - prosessing completed.........
2017-10-16 17:02:54 [http-nio-2000-exec-6] INFO  c.t.f.controller.FRController - prosessing.........
2017-10-16 17:02:54 [http-nio-2000-exec-6] INFO  c.t.f.controller.FRController - prosessing completed.........
2017-10-16 17:03:09 [http-nio-2000-exec-4] INFO  c.t.f.controller.FRController - prosessing.........
2017-10-16 17:03:09 [http-nio-2000-exec-4] INFO  c.t.f.controller.FRController - prosessing completed.........
2017-10-16 17:03:24 [http-nio-2000-exec-3] INFO  c.t.f.controller.FRController - prosessing.........
2017-10-16 17:03:24 [http-nio-2000-exec-3] INFO  c.t.f.controller.FRController - prosessing completed.........
2017-10-16 17:03:39 [http-nio-2000-exec-2] INFO  c.t.f.controller.FRController - prosessing.........
2017-10-16 17:03:39 [http-nio-2000-exec-2] INFO  c.t.f.controller.FRController - prosessing completed.........
2017-10-16 17:03:54 [http-nio-2000-exec-10] INFO  c.t.f.controller.FRController - prosessing.........
2017-10-16 17:03:54 [http-nio-2000-exec-10] INFO  c.t.f.controller.FRController - prosessing completed.........
2017-10-16 17:04:09 [http-nio-2000-exec-1] INFO  c.t.f.controller.FRController - prosessing.........
2017-10-16 17:04:09 [http-nio-2000-exec-1] INFO  c.t.f.controller.FRController - prosessing completed.........
2017-10-16 17:04:24 [http-nio-2000-exec-9] INFO  c.t.f.controller.FRController - prosessing.........
2017-10-16 17:04:24 [http-nio-2000-exec-9] INFO  c.t.f.controller.FRController - prosessing completed.........
2017-10-16 17:04:39 [http-nio-2000-exec-8] INFO  c.t.f.controller.FRController - prosessing.........
2017-10-16 17:04:39 [http-nio-2000-exec-8] INFO  c.t.f.controller.FRController - prosessing completed.........
2017-10-16 17:04:54 [http-nio-2000-exec-7] INFO  c.t.f.controller.FRController - prosessing.........
2017-10-16 17:04:54 [http-nio-2000-exec-7] INFO  c.t.f.controller.FRController - prosessing completed.........
2017-10-16 17:05:09 [http-nio-2000-exec-6] INFO  c.t.f.controller.FRController - prosessing.........
2017-10-16 17:05:09 [http-nio-2000-exec-6] INFO  c.t.f.controller.FRController - prosessing completed.........
2017-10-16 17:05:24 [http-nio-2000-exec-5] INFO  c.t.f.controller.FRController - prosessing.........
2017-10-16 17:05:24 [http-nio-2000-exec-5] INFO  c.t.f.controller.FRController - prosessing completed.........
2017-10-16 17:05:39 [http-nio-2000-exec-4] INFO  c.t.f.controller.FRController - prosessing.........
2017-10-16 17:05:39 [http-nio-2000-exec-4] INFO  c.t.f.controller.FRController - prosessing completed.........
2017-10-16 17:05:54 [http-nio-2000-exec-3] INFO  c.t.f.controller.FRController - prosessing.........
2017-10-16 17:05:54 [http-nio-2000-exec-3] INFO  c.t.f.controller.FRController - prosessing completed.........
2017-10-16 17:06:09 [http-nio-2000-exec-2] INFO  c.t.f.controller.FRController - prosessing.........
2017-10-16 17:06:09 [http-nio-2000-exec-2] INFO  c.t.f.controller.FRController - prosessing completed.........
2017-10-16 17:06:24 [http-nio-2000-exec-10] INFO  c.t.f.controller.FRController - prosessing.........
2017-10-16 17:06:24 [http-nio-2000-exec-10] INFO  c.t.f.controller.FRController - prosessing completed.........
